<?xml version="1.0" encoding="UTF-8"?>
<!-- Generated by org.testng.reporters.JUnitXMLReporter -->
<testsuite hostname="XIEYID6" name="test12" tests="2" failures="0" timestamp="15 Feb 2016 13:51:01 GMT" time="21.541" errors="0">
  <testcase name="OpenBrowser on [SampleTestCase passed=0 failed=0 skipped=0]" time="5.391" classname="com.dreamworks.selenium.TestNG.SampleTestCase"/>
  <testcase name="EnterHPE on [SampleTestCase passed=0 failed=0 skipped=0]" time="16.137" classname="com.dreamworks.selenium.TestNG.SampleTestCase"/>
</testsuite> <!-- test12 -->
